#! /usr/bin/vvp
:ivl_version "10.1 (stable)";
:ivl_delay_selection "TYPICAL";
:vpi_time_precision + 0;
:vpi_module "system";
:vpi_module "vhdl_sys";
:vpi_module "v2005_math";
:vpi_module "va_math";
S_0x55668c584590 .scope module, "sample1_test" "sample1_test" 2 1;
 .timescale 0 0;
v0x55668c5a4f80_0 .var "A", 0 0;
v0x55668c5a5040_0 .var "B", 0 0;
v0x55668c5a5110_0 .var "C", 0 0;
v0x55668c5a5210_0 .var "D", 0 0;
v0x55668c5a52e0_0 .var "E", 0 0;
v0x55668c5a5380_0 .var "F", 0 0;
v0x55668c5a5450_0 .net "Y", 0 0, L_0x55668c5a5970;  1 drivers
S_0x55668c584710 .scope module, "DUT" "sample" 2 5, 3 1 0, S_0x55668c584590;
 .timescale 0 0;
    .port_info 0 /INPUT 1 "A"
    .port_info 1 /INPUT 1 "B"
    .port_info 2 /INPUT 1 "C"
    .port_info 3 /INPUT 1 "D"
    .port_info 4 /INPUT 1 "E"
    .port_info 5 /INPUT 1 "F"
    .port_info 6 /OUTPUT 1 "Y"
L_0x55668c5a5520 .functor NAND 1, v0x55668c5a4f80_0, v0x55668c5a5040_0, C4<1>, C4<1>;
L_0x55668c5a5660 .functor AND 1, v0x55668c5a5110_0, L_0x55668c5a5770, v0x55668c5a5210_0, C4<1>;
L_0x55668c5a5770 .functor NOT 1, v0x55668c5a5040_0, C4<0>, C4<0>, C4<0>;
L_0x55668c5a5830 .functor XOR 1, v0x55668c5a52e0_0, v0x55668c5a5380_0, C4<0>, C4<0>;
L_0x55668c5a5970 .functor NAND 1, L_0x55668c5a5520, L_0x55668c5a5660, L_0x55668c5a5830, C4<1>;
v0x55668c584990_0 .net "A", 0 0, v0x55668c5a4f80_0;  1 drivers
v0x55668c5a46d0_0 .net "B", 0 0, v0x55668c5a5040_0;  1 drivers
v0x55668c5a4790_0 .net "C", 0 0, v0x55668c5a5110_0;  1 drivers
v0x55668c5a4830_0 .net "D", 0 0, v0x55668c5a5210_0;  1 drivers
v0x55668c5a48f0_0 .net "E", 0 0, v0x55668c5a52e0_0;  1 drivers
v0x55668c5a4a00_0 .net "F", 0 0, v0x55668c5a5380_0;  1 drivers
v0x55668c5a4ac0_0 .net "Y", 0 0, L_0x55668c5a5970;  alias, 1 drivers
v0x55668c5a4b80_0 .net *"_s0", 0 0, L_0x55668c5a5770;  1 drivers
v0x55668c5a4c60_0 .net "w1", 0 0, L_0x55668c5a5520;  1 drivers
v0x55668c5a4d20_0 .net "w2", 0 0, L_0x55668c5a5660;  1 drivers
v0x55668c5a4de0_0 .net "w3", 0 0, L_0x55668c5a5830;  1 drivers
    .scope S_0x55668c584590;
T_0 ;
    %vpi_call 2 9 "$monitor", $time, "A=%b,B=%b,C=%b,D=%b,E=%b,F=%b,Y=%b", v0x55668c5a4f80_0, v0x55668c5a5040_0, v0x55668c5a5110_0, v0x55668c5a5210_0, v0x55668c5a52e0_0, v0x55668c5a5380_0, v0x55668c5a5450_0 {0 0 0};
    %delay 5, 0;
    %pushi/vec4 1, 0, 1;
    %store/vec4 v0x55668c5a4f80_0, 0, 1;
    %pushi/vec4 0, 0, 1;
    %store/vec4 v0x55668c5a5040_0, 0, 1;
    %pushi/vec4 0, 0, 1;
    %store/vec4 v0x55668c5a5110_0, 0, 1;
    %pushi/vec4 1, 0, 1;
    %store/vec4 v0x55668c5a5210_0, 0, 1;
    %pushi/vec4 0, 0, 1;
    %store/vec4 v0x55668c5a52e0_0, 0, 1;
    %pushi/vec4 0, 0, 1;
    %store/vec4 v0x55668c5a5380_0, 0, 1;
    %delay 5, 0;
    %pushi/vec4 0, 0, 1;
    %store/vec4 v0x55668c5a4f80_0, 0, 1;
    %pushi/vec4 0, 0, 1;
    %store/vec4 v0x55668c5a5040_0, 0, 1;
    %pushi/vec4 1, 0, 1;
    %store/vec4 v0x55668c5a5110_0, 0, 1;
    %pushi/vec4 1, 0, 1;
    %store/vec4 v0x55668c5a5210_0, 0, 1;
    %pushi/vec4 0, 0, 1;
    %store/vec4 v0x55668c5a52e0_0, 0, 1;
    %pushi/vec4 0, 0, 1;
    %store/vec4 v0x55668c5a5380_0, 0, 1;
    %delay 5, 0;
    %pushi/vec4 1, 0, 1;
    %store/vec4 v0x55668c5a4f80_0, 0, 1;
    %pushi/vec4 0, 0, 1;
    %store/vec4 v0x55668c5a5110_0, 0, 1;
    %delay 5, 0;
    %pushi/vec4 1, 0, 1;
    %store/vec4 v0x55668c5a5380_0, 0, 1;
    %vpi_call 2 14 "$finish" {0 0 0};
    %end;
    .thread T_0;
# The file index is used to find the file name in the following table.
:file_names 4;
    "N/A";
    "<interactive>";
    "sample_tb.v";
    "sample.v";
